<?xml version="1.0" encoding="UTF-8"?>
<!-- Generated by org.testng.reporters.JUnitXMLReporter -->
<testsuite ignored="0" hostname="OV-DUB-LTP-165" failures="1" tests="2" name="LoginTest" time="28.308" errors="0" timestamp="2019-12-06T13:55:26 GMT">
  <testcase classname="configuration.AppConfig" name="@AfterTest screenShot" time="-1.575640526819E9">
    <failure type="org.testng.TestNGException" message="
Can inject only one of &amp;lt;ITestContext, XmlTest&amp;gt; into a @AfterTest annotated screenShot.
For more information on native dependency injection please refer to http://testng.org/doc/documentation-main.html#native-dependency-injection">
      <![CDATA[org.testng.TestNGException: 
Can inject only one of <ITestContext, XmlTest> into a @AfterTest annotated screenShot.
For more information on native dependency injection please refer to http://testng.org/doc/documentation-main.html#native-dependency-injection
... Removed 21 stack frames]]>
    </failure>
  </testcase> <!-- @AfterTest screenShot -->
  <testcase classname="configuration.AppConfig" name="findResident" time="0.165">
    <failure type="java.lang.AssertionError">
      <![CDATA[java.lang.AssertionError
at configuration.AppConfig.findResident(AppConfig.java:117)
at java.base/java.util.ArrayList.forEach(ArrayList.java:1380)
... Removed 27 stack frames]]>
    </failure>
  </testcase> <!-- findResident -->
  <testcase classname="configuration.AppConfig" name="loginTest" time="11.389"/>
</testsuite> <!-- LoginTest -->
