<?xml version="1.0" encoding="UTF-8"?>
<testng-results ignored="0" total="1" passed="1" failed="0" skipped="0">
  <reporter-output>
  </reporter-output>
  <suite started-at="2019-11-15T12:22:19 GMT" name="Suite" finished-at="2019-11-15T12:22:39 GMT" duration-ms="20129">
    <groups>
    </groups>
    <test started-at="2019-11-15T12:22:19 GMT" name="Test" finished-at="2019-11-15T12:22:39 GMT" duration-ms="20129">
      <class name="example.NewTest">
        <test-method is-config="true" signature="beforeTest()[pri:0, instance:example.NewTest@3e6ef8ad]" started-at="2019-11-15T12:22:19 GMT" name="beforeTest" finished-at="2019-11-15T12:22:23 GMT" duration-ms="3821" status="PASS">
          <reporter-output>
          </reporter-output>
        </test-method> <!-- beforeTest -->
        <test-method signature="testURL()[pri:0, instance:example.NewTest@3e6ef8ad]" started-at="2019-11-15T12:22:23 GMT" name="testURL" finished-at="2019-11-15T12:22:38 GMT" duration-ms="14784" status="PASS">
          <reporter-output>
          </reporter-output>
        </test-method> <!-- testURL -->
        <test-method is-config="true" signature="afterTest()[pri:0, instance:example.NewTest@3e6ef8ad]" started-at="2019-11-15T12:22:38 GMT" name="afterTest" finished-at="2019-11-15T12:22:39 GMT" duration-ms="1473" status="PASS">
          <reporter-output>
          </reporter-output>
        </test-method> <!-- afterTest -->
      </class> <!-- example.NewTest -->
    </test> <!-- Test -->
  </suite> <!-- Suite -->
</testng-results>
