<?xml version="1.0" encoding="UTF-8"?>
<testng-results ignored="0" total="1" passed="0" failed="1" skipped="0">
  <reporter-output>
  </reporter-output>
  <suite started-at="2019-11-29T10:44:01 GMT" name="Default suite" finished-at="2019-11-29T10:44:30 GMT" duration-ms="28818">
    <groups>
    </groups>
    <test started-at="2019-11-29T10:44:01 GMT" name="Default test" finished-at="2019-11-29T10:44:30 GMT" duration-ms="28818">
      <class name="config.AppConfig">
        <test-method is-config="true" signature="setUP()[pri:0, instance:config.AppConfig@77eca502]" started-at="2019-11-29T10:44:01 GMT" name="setUP" finished-at="2019-11-29T10:44:30 GMT" duration-ms="28519" status="PASS">
          <reporter-output>
          </reporter-output>
        </test-method> <!-- setUP -->
        <test-method signature="testConnection()[pri:0, instance:config.AppConfig@77eca502]" started-at="2019-11-29T10:44:30 GMT" name="testConnection" finished-at="2019-11-29T10:44:30 GMT" duration-ms="196" status="FAIL">
          <exception class="org.openqa.selenium.InvalidSelectorException">
            <message>
              <![CDATA[Locator Strategy 'css selector' is not supported for this session
For documentation on this error, please visit: https://www.seleniumhq.org/exceptions/invalid_selector_exception.html
Build info: version: '3.141.59', revision: 'e82be7d358', time: '2018-11-14T08:17:03'
System info: host: 'OV-DUB-LTP-165', ip: '172.20.173.241', os.name: 'Windows 10', os.arch: 'amd64', os.version: '10.0', java.version: '9.0.4'
Driver info: io.appium.java_client.android.AndroidDriver
Capabilities {appActivity: view.activity.SplashActivity, appPackage: com.oneviewhealthcare.carev..., autoGrantPermissions: true, automationName: UiAutomator2, databaseEnabled: false, desired: {appActivity: view.activity.SplashActivity, appPackage: com.oneviewhealthcare.carev..., autoGrantPermissions: true, automationName: UiAutomator2, deviceName: R52K10XNSAH, platformName: Android, platformVersion: 9}, deviceApiLevel: 28, deviceManufacturer: samsung, deviceModel: SM-T820, deviceName: 9b6fb4bbf774ff37, deviceScreenDensity: 320, deviceScreenSize: 2048x1536, deviceUDID: 9b6fb4bbf774ff37, javascriptEnabled: true, locationContextEnabled: false, networkConnectionEnabled: true, pixelRatio: 2, platform: LINUX, platformName: LINUX, platformVersion: 9, statBarHeight: 48, takesScreenshot: true, viewportRect: {height: 1488, left: 0, top: 48, width: 2048}, warnings: {}, webStorageEnabled: false}
Session ID: 6b2025f6-101e-4342-a41e-b1b375d2689d
*** Element info: {Using=id, value=activity_qrscan_qa_button}]]>
            </message>
            <full-stacktrace>
              <![CDATA[org.openqa.selenium.InvalidSelectorException: Locator Strategy 'css selector' is not supported for this session
For documentation on this error, please visit: https://www.seleniumhq.org/exceptions/invalid_selector_exception.html
Build info: version: '3.141.59', revision: 'e82be7d358', time: '2018-11-14T08:17:03'
System info: host: 'OV-DUB-LTP-165', ip: '172.20.173.241', os.name: 'Windows 10', os.arch: 'amd64', os.version: '10.0', java.version: '9.0.4'
Driver info: io.appium.java_client.android.AndroidDriver
Capabilities {appActivity: view.activity.SplashActivity, appPackage: com.oneviewhealthcare.carev..., autoGrantPermissions: true, automationName: UiAutomator2, databaseEnabled: false, desired: {appActivity: view.activity.SplashActivity, appPackage: com.oneviewhealthcare.carev..., autoGrantPermissions: true, automationName: UiAutomator2, deviceName: R52K10XNSAH, platformName: Android, platformVersion: 9}, deviceApiLevel: 28, deviceManufacturer: samsung, deviceModel: SM-T820, deviceName: 9b6fb4bbf774ff37, deviceScreenDensity: 320, deviceScreenSize: 2048x1536, deviceUDID: 9b6fb4bbf774ff37, javascriptEnabled: true, locationContextEnabled: false, networkConnectionEnabled: true, pixelRatio: 2, platform: LINUX, platformName: LINUX, platformVersion: 9, statBarHeight: 48, takesScreenshot: true, viewportRect: {height: 1488, left: 0, top: 48, width: 2048}, warnings: {}, webStorageEnabled: false}
Session ID: 6b2025f6-101e-4342-a41e-b1b375d2689d
*** Element info: {Using=id, value=activity_qrscan_qa_button}
at java.base/jdk.internal.reflect.NativeConstructorAccessorImpl.newInstance0(Native Method)
at java.base/jdk.internal.reflect.NativeConstructorAccessorImpl.newInstance(NativeConstructorAccessorImpl.java:62)
at java.base/jdk.internal.reflect.DelegatingConstructorAccessorImpl.newInstance(DelegatingConstructorAccessorImpl.java:45)
at java.base/java.lang.reflect.Constructor.newInstance(Constructor.java:488)
at org.openqa.selenium.remote.http.W3CHttpResponseCodec.createException(W3CHttpResponseCodec.java:185)
at org.openqa.selenium.remote.http.W3CHttpResponseCodec.decode(W3CHttpResponseCodec.java:120)
at org.openqa.selenium.remote.http.W3CHttpResponseCodec.decode(W3CHttpResponseCodec.java:49)
at org.openqa.selenium.remote.HttpCommandExecutor.execute(HttpCommandExecutor.java:164)
at io.appium.java_client.remote.AppiumCommandExecutor.execute(AppiumCommandExecutor.java:89)
at org.openqa.selenium.remote.RemoteWebDriver.execute(RemoteWebDriver.java:586)
at io.appium.java_client.DefaultGenericMobileDriver.execute(DefaultGenericMobileDriver.java:42)
at io.appium.java_client.AppiumDriver.execute(AppiumDriver.java:1)
at io.appium.java_client.android.AndroidDriver.execute(AndroidDriver.java:1)
at org.openqa.selenium.remote.RemoteWebDriver.findElement(RemoteWebDriver.java:356)
at io.appium.java_client.DefaultGenericMobileDriver.findElement(DefaultGenericMobileDriver.java:62)
at io.appium.java_client.AppiumDriver.findElement(AppiumDriver.java:1)
at io.appium.java_client.android.AndroidDriver.findElement(AndroidDriver.java:1)
at org.openqa.selenium.remote.RemoteWebDriver.findElementById(RemoteWebDriver.java:402)
at io.appium.java_client.DefaultGenericMobileDriver.findElementById(DefaultGenericMobileDriver.java:70)
at io.appium.java_client.AppiumDriver.findElementById(AppiumDriver.java:1)
at io.appium.java_client.android.AndroidDriver.findElementById(AndroidDriver.java:1)
at org.openqa.selenium.By$ById.findElement(By.java:188)
at org.openqa.selenium.remote.RemoteWebDriver.findElement(RemoteWebDriver.java:348)
at io.appium.java_client.DefaultGenericMobileDriver.findElement(DefaultGenericMobileDriver.java:58)
at io.appium.java_client.AppiumDriver.findElement(AppiumDriver.java:1)
at io.appium.java_client.android.AndroidDriver.findElement(AndroidDriver.java:1)
at config.AppConfig.testConnection(AppConfig.java:48)
at java.base/jdk.internal.reflect.NativeMethodAccessorImpl.invoke0(Native Method)
at java.base/jdk.internal.reflect.NativeMethodAccessorImpl.invoke(NativeMethodAccessorImpl.java:62)
at java.base/jdk.internal.reflect.DelegatingMethodAccessorImpl.invoke(DelegatingMethodAccessorImpl.java:43)
at java.base/java.lang.reflect.Method.invoke(Method.java:564)
at org.testng.internal.MethodInvocationHelper.invokeMethod(MethodInvocationHelper.java:133)
at org.testng.internal.TestInvoker.invokeMethod(TestInvoker.java:584)
at org.testng.internal.TestInvoker.invokeTestMethod(TestInvoker.java:172)
at org.testng.internal.MethodRunner.runInSequence(MethodRunner.java:46)
at org.testng.internal.TestInvoker$MethodInvocationAgent.invoke(TestInvoker.java:804)
at org.testng.internal.TestInvoker.invokeTestMethods(TestInvoker.java:145)
at org.testng.internal.TestMethodWorker.invokeTestMethods(TestMethodWorker.java:146)
at org.testng.internal.TestMethodWorker.run(TestMethodWorker.java:128)
at java.base/java.util.ArrayList.forEach(ArrayList.java:1380)
at org.testng.TestRunner.privateRun(TestRunner.java:770)
at org.testng.TestRunner.run(TestRunner.java:591)
at org.testng.SuiteRunner.runTest(SuiteRunner.java:402)
at org.testng.SuiteRunner.runSequentially(SuiteRunner.java:396)
at org.testng.SuiteRunner.privateRun(SuiteRunner.java:355)
at org.testng.SuiteRunner.run(SuiteRunner.java:304)
at org.testng.SuiteRunnerWorker.runSuite(SuiteRunnerWorker.java:53)
at org.testng.SuiteRunnerWorker.run(SuiteRunnerWorker.java:96)
at org.testng.TestNG.runSuitesSequentially(TestNG.java:1180)
at org.testng.TestNG.runSuitesLocally(TestNG.java:1102)
at org.testng.TestNG.runSuites(TestNG.java:1032)
at org.testng.TestNG.run(TestNG.java:1000)
at org.testng.remote.AbstractRemoteTestNG.run(AbstractRemoteTestNG.java:115)
at org.testng.remote.RemoteTestNG.initAndRun(RemoteTestNG.java:251)
at org.testng.remote.RemoteTestNG.main(RemoteTestNG.java:77)
]]>
            </full-stacktrace>
          </exception> <!-- org.openqa.selenium.InvalidSelectorException -->
          <reporter-output>
          </reporter-output>
        </test-method> <!-- testConnection -->
        <test-method is-config="true" signature="tearDown()[pri:0, instance:config.AppConfig@77eca502]" started-at="2019-11-29T10:44:30 GMT" name="tearDown" finished-at="2019-11-29T10:44:30 GMT" duration-ms="0" status="PASS">
          <reporter-output>
          </reporter-output>
        </test-method> <!-- tearDown -->
      </class> <!-- config.AppConfig -->
    </test> <!-- Default test -->
  </suite> <!-- Default suite -->
</testng-results>
