<?xml version="1.0" encoding="UTF-8"?>
<!-- Generated by org.testng.reporters.JUnitXMLReporter -->
<testsuite ignored="0" hostname="OV-DUB-LTP-165" failures="1" tests="2" name="Command line test" time="23.838" errors="0" timestamp="2019-12-12T16:08:42 GMT">
  <testcase classname="configuration.AppConfig" name="@AfterClass tearDown" time="0.001">
    <failure type="java.lang.NullPointerException">
      <![CDATA[java.lang.NullPointerException
at configuration.AppConfig.tearDown(AppConfig.java:110)
at java.base/java.util.ArrayList.forEach(ArrayList.java:1380)
... Removed 34 stack frames]]>
    </failure>
  </testcase> <!-- @AfterClass tearDown -->
  <testcase classname="configuration.LoginTest" name="loginTest" time="11.619">
    <failure type="java.lang.NullPointerException">
      <![CDATA[java.lang.NullPointerException
at java.base/java.util.Objects.requireNonNull(Objects.java:221)
at org.openqa.selenium.support.ui.FluentWait.<init>(FluentWait.java:106)
at org.openqa.selenium.support.ui.WebDriverWait.<init>(WebDriverWait.java:85)
at org.openqa.selenium.support.ui.WebDriverWait.<init>(WebDriverWait.java:45)
at configuration.LoginTest.loginTest(LoginTest.java:34)
at java.base/java.util.ArrayList.forEach(ArrayList.java:1380)
... Removed 36 stack frames]]>
    </failure>
  </testcase> <!-- loginTest -->
  <testcase classname="configuration.LoginTest" name="findResident" time="0.0">
    <skipped/>
  </testcase> <!-- findResident -->
</testsuite> <!-- Command line test -->
