<?xml version="1.0" encoding="UTF-8"?>
<!-- Generated by org.testng.reporters.JUnitXMLReporter -->
<testsuite ignored="0" hostname="OV-DUB-LTP-165" failures="1" tests="2" name="BasicTest" time="35.422" errors="0" timestamp="2019-12-12T16:28:15 GMT">
  <testcase classname="configuration.LoginTest" name="loginTest" time="13.21"/>
  <testcase classname="configuration.LoginTest" name="findResident" time="9.233">
    <failure type="java.lang.AssertionError" message="expected [Tom Jerry] but found [Syncing…]">
      <![CDATA[java.lang.AssertionError: expected [Tom Jerry] but found [Syncing…]
at configuration.LoginTest.findResident(LoginTest.java:75)
at java.base/java.util.ArrayList.forEach(ArrayList.java:1380)
... Removed 32 stack frames]]>
    </failure>
  </testcase> <!-- findResident -->
</testsuite> <!-- BasicTest -->
